{
  "stats": {
    "suites": 1,
    "tests": 7,
    "passes": 7,
    "pending": 0,
    "failures": 0,
    "start": "2025-11-05T19:17:04.984Z",
    "end": "2025-11-05T19:17:34.423Z",
    "duration": 29439,
    "testsRegistered": 7,
    "passPercent": 100,
    "pendingPercent": 0,
    "other": 0,
    "hasOther": false,
    "skipped": 0,
    "hasSkipped": false
  },
  "results": [
    {
      "uuid": "f32384f2-945d-4bf6-ba58-3bbccc250290",
      "title": "",
      "fullFile": "cypress\\e2e\\frontend\\user-management.cy.js",
      "file": "cypress\\e2e\\frontend\\user-management.cy.js",
      "beforeHooks": [],
      "afterHooks": [],
      "tests": [],
      "suites": [
        {
          "uuid": "a3f6a62c-d11f-43b5-bb09-fce0b5600155",
          "title": "CityBin - User Management Page",
          "fullFile": "",
          "file": "",
          "beforeHooks": [],
          "afterHooks": [],
          "tests": [
            {
              "title": "should load the User Management table with correct headers",
              "fullTitle": "CityBin - User Management Page should load the User Management table with correct headers",
              "timedOut": null,
              "duration": 11032,
              "state": "passed",
              "speed": "slow",
              "pass": true,
              "fail": false,
              "pending": false,
              "context": null,
              "code": "const headers = ['Unique ID', 'Username', 'Email', 'Role', 'Status', 'Last Login', 'Actions'];\nheaders.forEach(header => {\n  cy.get('table thead').contains(header).should('exist');\n});",
              "err": {},
              "uuid": "6d1b0aee-95af-461f-9ae6-2c62537c4791",
              "parentUUID": "a3f6a62c-d11f-43b5-bb09-fce0b5600155",
              "isHook": false,
              "skipped": false
            },
            {
              "title": "should filter users based on search input",
              "fullTitle": "CityBin - User Management Page should filter users based on search input",
              "timedOut": null,
              "duration": 1485,
              "state": "passed",
              "speed": "fast",
              "pass": true,
              "fail": false,
              "pending": false,
              "context": null,
              "code": "cy.get('input[placeholder=\"Search...\"], input[type=\"text\"]').first().type('admin');\ncy.get('table tbody tr').should('exist');",
              "err": {},
              "uuid": "70defb22-e74e-45bd-8e85-7b4e54d7fae1",
              "parentUUID": "a3f6a62c-d11f-43b5-bb09-fce0b5600155",
              "isHook": false,
              "skipped": false
            },
            {
              "title": "should open Edit modal, update user info, and close successfully",
              "fullTitle": "CityBin - User Management Page should open Edit modal, update user info, and close successfully",
              "timedOut": null,
              "duration": 3606,
              "state": "passed",
              "speed": "fast",
              "pass": true,
              "fail": false,
              "pending": false,
              "context": null,
              "code": "cy.get('table tbody tr').not(':contains(\"admin\")').first().as('userRow');\ncy.get('@userRow').contains('Edit').click();\ncy.get('.bg-white').should('contain.text', 'Edit User').and('be.visible');\n// Change username text (append something)\ncy.get('input[name=\"username\"]').clear().type('UpdatedUser');\ncy.get('select[name=\"role\"]').select('Operator');\ncy.get('select[name=\"status\"]').select('Active');\ncy.contains('button', 'Save').click();\ncy.contains('User successfully updated!', {\n  timeout: 8000\n}).should('exist');",
              "err": {},
              "uuid": "ccf62b8d-0b57-447e-a8e6-74914675d50a",
              "parentUUID": "a3f6a62c-d11f-43b5-bb09-fce0b5600155",
              "isHook": false,
              "skipped": false
            },
            {
              "title": "should open Edit modal and close without saving",
              "fullTitle": "CityBin - User Management Page should open Edit modal and close without saving",
              "timedOut": null,
              "duration": 1971,
              "state": "passed",
              "speed": "fast",
              "pass": true,
              "fail": false,
              "pending": false,
              "context": null,
              "code": "cy.get('table tbody tr').first().contains('Edit').click();\ncy.get('.bg-white').should('contain.text', 'Edit User');\ncy.contains('button', 'Cancel').click();\n//cy.get('.bg-white').should('not.exist');",
              "err": {},
              "uuid": "f11bdc3f-44d3-4055-9f86-0dd4f78ff2a2",
              "parentUUID": "a3f6a62c-d11f-43b5-bb09-fce0b5600155",
              "isHook": false,
              "skipped": false
            },
            {
              "title": "should delete the last non-admin user safely",
              "fullTitle": "CityBin - User Management Page should delete the last non-admin user safely",
              "timedOut": null,
              "duration": 1751,
              "state": "passed",
              "speed": "fast",
              "pass": true,
              "fail": false,
              "pending": false,
              "context": null,
              "code": "cy.get('table tbody tr').filter(':not(:contains(\"admin\"))').last().as('lastUser');\ncy.get('@lastUser').within(() => {\n  cy.contains('Delete').scrollIntoView().click({\n    force: true\n  });\n});\n// Confirm delete modal appears\ncy.get('.bg-white').should('contain.text', 'Delete User').and('be.visible');\ncy.contains('button', 'Confirm Delete').click();\ncy.contains('User successfully deleted!', {\n  timeout: 8000\n}).should('exist');",
              "err": {},
              "uuid": "a808badc-03a3-4a2d-a6c1-23da64880a18",
              "parentUUID": "a3f6a62c-d11f-43b5-bb09-fce0b5600155",
              "isHook": false,
              "skipped": false
            },
            {
              "title": "should open Delete modal and cancel safely",
              "fullTitle": "CityBin - User Management Page should open Delete modal and cancel safely",
              "timedOut": null,
              "duration": 1461,
              "state": "passed",
              "speed": "fast",
              "pass": true,
              "fail": false,
              "pending": false,
              "context": null,
              "code": "cy.get('table tbody tr').filter(':not(:contains(\"admin\"))').first().as('userRow');\ncy.get('@userRow').contains('Delete').click({\n  force: true\n});\ncy.get('.bg-white').should('contain.text', 'Delete User');\ncy.contains('button', 'Cancel').click();\n//cy.get('.bg-white').should('not.exist');",
              "err": {},
              "uuid": "57a22ec6-237c-41bc-be33-619db42cd923",
              "parentUUID": "a3f6a62c-d11f-43b5-bb09-fce0b5600155",
              "isHook": false,
              "skipped": false
            },
            {
              "title": "should show and hide notification after successful action",
              "fullTitle": "CityBin - User Management Page should show and hide notification after successful action",
              "timedOut": null,
              "duration": 7445,
              "state": "passed",
              "speed": "medium",
              "pass": true,
              "fail": false,
              "pending": false,
              "context": null,
              "code": "cy.get('table tbody tr').filter(':not(:contains(\"admin\"))').first().as('userRow');\ncy.get('@userRow').contains('Edit').click({\n  force: true\n});\ncy.get('input[name=\"username\"]').clear().type('TempUser');\ncy.contains('button', 'Save').click();\ncy.get('.fixed.top-6.right-6').should('be.visible').and('contain.text', 'User successfully updated!');\ncy.wait(4000);\ncy.get('.fixed.top-6.right-6').should('not.exist');",
              "err": {},
              "uuid": "a6ca9de8-b741-42dc-8454-9deb4f5c772f",
              "parentUUID": "a3f6a62c-d11f-43b5-bb09-fce0b5600155",
              "isHook": false,
              "skipped": false
            }
          ],
          "suites": [],
          "passes": [
            "6d1b0aee-95af-461f-9ae6-2c62537c4791",
            "70defb22-e74e-45bd-8e85-7b4e54d7fae1",
            "ccf62b8d-0b57-447e-a8e6-74914675d50a",
            "f11bdc3f-44d3-4055-9f86-0dd4f78ff2a2",
            "a808badc-03a3-4a2d-a6c1-23da64880a18",
            "57a22ec6-237c-41bc-be33-619db42cd923",
            "a6ca9de8-b741-42dc-8454-9deb4f5c772f"
          ],
          "failures": [],
          "pending": [],
          "skipped": [],
          "duration": 28751,
          "root": false,
          "rootEmpty": false,
          "_timeout": 2000
        }
      ],
      "passes": [],
      "failures": [],
      "pending": [],
      "skipped": [],
      "duration": 0,
      "root": true,
      "rootEmpty": true,
      "_timeout": 2000
    }
  ],
  "meta": {
    "mocha": {
      "version": "7.2.0"
    },
    "mochawesome": {
      "options": {
        "quiet": false,
        "reportFilename": "mochawesome",
        "saveHtml": true,
        "saveJson": true,
        "consoleReporter": "spec",
        "useInlineDiffs": false,
        "code": true
      },
      "version": "7.1.4"
    },
    "marge": {
      "options": {
        "reportDir": "cypress/reports",
        "overwrite": false,
        "html": true,
        "json": true
      },
      "version": "6.3.0"
    }
  }
}