{
  "stats": {
    "suites": 1,
    "tests": 2,
    "passes": 1,
    "pending": 0,
    "failures": 1,
    "start": "2025-10-28T12:07:36.079Z",
    "end": "2025-10-28T12:07:56.737Z",
    "duration": 20658,
    "testsRegistered": 2,
    "passPercent": 50,
    "pendingPercent": 0,
    "other": 0,
    "hasOther": false,
    "skipped": 0,
    "hasSkipped": false
  },
  "results": [
    {
      "uuid": "ca65cb74-da61-441c-abec-134d475cabac",
      "title": "",
      "fullFile": "cypress\\e2e\\frontend\\login.cy.js",
      "file": "cypress\\e2e\\frontend\\login.cy.js",
      "beforeHooks": [],
      "afterHooks": [],
      "tests": [],
      "suites": [
        {
          "uuid": "b9c1206c-3dd8-45d2-8501-4b6198ca8484",
          "title": "CityBin Frontend Login Page",
          "fullFile": "",
          "file": "",
          "beforeHooks": [],
          "afterHooks": [],
          "tests": [
            {
              "title": "should load login page",
              "fullTitle": "CityBin Frontend Login Page should load login page",
              "timedOut": null,
              "duration": 4562,
              "state": "passed",
              "speed": "fast",
              "pass": true,
              "fail": false,
              "pending": false,
              "context": null,
              "code": "cy.visit('/login');\ncy.contains('Sign In').should('be.visible');",
              "err": {},
              "uuid": "88b43dd4-e269-43f2-9b53-9c3acd8768a6",
              "parentUUID": "b9c1206c-3dd8-45d2-8501-4b6198ca8484",
              "isHook": false,
              "skipped": false
            },
            {
              "title": "should login with valid credentials",
              "fullTitle": "CityBin Frontend Login Page should login with valid credentials",
              "timedOut": null,
              "duration": 15411,
              "state": "failed",
              "speed": null,
              "pass": false,
              "fail": true,
              "pending": false,
              "context": null,
              "code": "// Wait for form to appear (because of showForm delay)\ncy.get('input[placeholder=\"Email\"][type=\"email\"]', {\n  timeout: 15000\n}).should('be.visible').type('admin@citybin.com');\ncy.get('input[placeholder=\"Password\"][type=\"password\"]', {\n  timeout: 15000\n}).should('be.visible').type('Admin1234');\ncy.contains('button', 'Sign In').should('be.visible').click();\ncy.url({\n  timeout: 15000\n}).should('include', '/admin/dashboard');",
              "err": {
                "message": "AssertionError: Timed out retrying after 15000ms: Expected to find element: `input[placeholder=\"Email\"][type=\"email\"]`, but never found it.",
                "estack": "AssertionError: Timed out retrying after 15000ms: Expected to find element: `input[placeholder=\"Email\"][type=\"email\"]`, but never found it.\n    at Context.eval (webpack://citybin-repo/./cypress/e2e/frontend/login.cy.js:10:7)",
                "diff": null
              },
              "uuid": "b9554c55-774a-41c3-b49e-dcfab66d86a1",
              "parentUUID": "b9c1206c-3dd8-45d2-8501-4b6198ca8484",
              "isHook": false,
              "skipped": false
            }
          ],
          "suites": [],
          "passes": [
            "88b43dd4-e269-43f2-9b53-9c3acd8768a6"
          ],
          "failures": [
            "b9554c55-774a-41c3-b49e-dcfab66d86a1"
          ],
          "pending": [],
          "skipped": [],
          "duration": 19973,
          "root": false,
          "rootEmpty": false,
          "_timeout": 2000
        }
      ],
      "passes": [],
      "failures": [],
      "pending": [],
      "skipped": [],
      "duration": 0,
      "root": true,
      "rootEmpty": true,
      "_timeout": 2000
    }
  ],
  "meta": {
    "mocha": {
      "version": "7.2.0"
    },
    "mochawesome": {
      "options": {
        "quiet": false,
        "reportFilename": "mochawesome",
        "saveHtml": true,
        "saveJson": true,
        "consoleReporter": "spec",
        "useInlineDiffs": false,
        "code": true
      },
      "version": "7.1.4"
    },
    "marge": {
      "options": {
        "reportDir": "cypress/reports",
        "overwrite": false,
        "html": true,
        "json": true
      },
      "version": "6.3.0"
    }
  }
}