{
  "stats": {
    "suites": 1,
    "tests": 2,
    "passes": 0,
    "pending": 0,
    "failures": 2,
    "start": "2025-10-28T12:29:17.284Z",
    "end": "2025-10-28T12:29:28.703Z",
    "duration": 11419,
    "testsRegistered": 2,
    "passPercent": 0,
    "pendingPercent": 0,
    "other": 0,
    "hasOther": false,
    "skipped": 0,
    "hasSkipped": false
  },
  "results": [
    {
      "uuid": "55708528-596f-4f6c-8679-33cb7ae6c56b",
      "title": "",
      "fullFile": "cypress\\e2e\\frontend\\profile.cy.js",
      "file": "cypress\\e2e\\frontend\\profile.cy.js",
      "beforeHooks": [],
      "afterHooks": [],
      "tests": [],
      "suites": [
        {
          "uuid": "26738340-abb5-4bea-a82f-d6424ca32e32",
          "title": "CityBin - User Profile",
          "fullFile": "",
          "file": "",
          "beforeHooks": [],
          "afterHooks": [],
          "tests": [
            {
              "title": "should display user info",
              "fullTitle": "CityBin - User Profile should display user info",
              "timedOut": null,
              "duration": 6350,
              "state": "failed",
              "speed": null,
              "pass": false,
              "fail": true,
              "pending": false,
              "context": null,
              "code": "cy.contains('Profile').should('be.visible');\ncy.get('input[placeholder=\"Email\"]').should('have.value', 'user@citybin.com');",
              "err": {
                "message": "AssertionError: Timed out retrying after 4000ms: Expected to find element: `input[placeholder=\"Email\"]`, but never found it.",
                "estack": "AssertionError: Timed out retrying after 4000ms: Expected to find element: `input[placeholder=\"Email\"]`, but never found it.\n    at Context.eval (webpack://citybin-repo/./cypress/e2e/frontend/profile.cy.js:9:41)",
                "diff": null
              },
              "uuid": "d8094910-bd2e-431a-b83d-9e171699a9dc",
              "parentUUID": "26738340-abb5-4bea-a82f-d6424ca32e32",
              "isHook": false,
              "skipped": false
            },
            {
              "title": "should update profile details",
              "fullTitle": "CityBin - User Profile should update profile details",
              "timedOut": null,
              "duration": 4912,
              "state": "failed",
              "speed": null,
              "pass": false,
              "fail": true,
              "pending": false,
              "context": null,
              "code": "cy.get('input[placeholder=\"Phone\"]').clear().type('0771234567');\ncy.contains('button', 'Update').click();\ncy.contains('Profile updated successfully').should('exist');",
              "err": {
                "message": "AssertionError: Timed out retrying after 4000ms: Expected to find element: `input[placeholder=\"Phone\"]`, but never found it.",
                "estack": "AssertionError: Timed out retrying after 4000ms: Expected to find element: `input[placeholder=\"Phone\"]`, but never found it.\n    at Context.eval (webpack://citybin-repo/./cypress/e2e/frontend/profile.cy.js:13:7)",
                "diff": null
              },
              "uuid": "0034209b-b60f-419f-89dc-51472d08e6e3",
              "parentUUID": "26738340-abb5-4bea-a82f-d6424ca32e32",
              "isHook": false,
              "skipped": false
            }
          ],
          "suites": [],
          "passes": [],
          "failures": [
            "d8094910-bd2e-431a-b83d-9e171699a9dc",
            "0034209b-b60f-419f-89dc-51472d08e6e3"
          ],
          "pending": [],
          "skipped": [],
          "duration": 11262,
          "root": false,
          "rootEmpty": false,
          "_timeout": 2000
        }
      ],
      "passes": [],
      "failures": [],
      "pending": [],
      "skipped": [],
      "duration": 0,
      "root": true,
      "rootEmpty": true,
      "_timeout": 2000
    }
  ],
  "meta": {
    "mocha": {
      "version": "7.2.0"
    },
    "mochawesome": {
      "options": {
        "quiet": false,
        "reportFilename": "mochawesome",
        "saveHtml": true,
        "saveJson": true,
        "consoleReporter": "spec",
        "useInlineDiffs": false,
        "code": true
      },
      "version": "7.1.4"
    },
    "marge": {
      "options": {
        "reportDir": "cypress/reports",
        "overwrite": false,
        "html": true,
        "json": true
      },
      "version": "6.3.0"
    }
  }
}