{
  "stats": {
    "suites": 1,
    "tests": 3,
    "passes": 0,
    "pending": 0,
    "failures": 3,
    "start": "2025-10-28T12:28:18.834Z",
    "end": "2025-10-28T12:28:38.115Z",
    "duration": 19281,
    "testsRegistered": 3,
    "passPercent": 0,
    "pendingPercent": 0,
    "other": 0,
    "hasOther": false,
    "skipped": 0,
    "hasSkipped": false
  },
  "results": [
    {
      "uuid": "d1ae5ae1-11fa-40f1-86df-55366c8f749c",
      "title": "",
      "fullFile": "cypress\\e2e\\frontend\\dashboard.cy.js",
      "file": "cypress\\e2e\\frontend\\dashboard.cy.js",
      "beforeHooks": [],
      "afterHooks": [],
      "tests": [],
      "suites": [
        {
          "uuid": "86144dd8-0b19-4638-a753-553a76c6b405",
          "title": "CityBin - Admin Dashboard",
          "fullFile": "",
          "file": "",
          "beforeHooks": [],
          "afterHooks": [],
          "tests": [
            {
              "title": "should display key dashboard elements",
              "fullTitle": "CityBin - Admin Dashboard should display key dashboard elements",
              "timedOut": null,
              "duration": 9576,
              "state": "failed",
              "speed": null,
              "pass": false,
              "fail": true,
              "pending": false,
              "context": null,
              "code": "cy.contains('Dashboard').should('be.visible');\ncy.contains('Total Bins').should('be.visible');\ncy.get('[data-testid=\"chart\"]').should('exist');",
              "err": {
                "message": "AssertionError: Timed out retrying after 4000ms: Expected to find element: `[data-testid=\"chart\"]`, but never found it.",
                "estack": "AssertionError: Timed out retrying after 4000ms: Expected to find element: `[data-testid=\"chart\"]`, but never found it.\n    at Context.eval (webpack://citybin-repo/./cypress/e2e/frontend/dashboard.cy.js:10:36)",
                "diff": null
              },
              "uuid": "3a789769-288a-4a8a-a128-fd0f1dc91a51",
              "parentUUID": "86144dd8-0b19-4638-a753-553a76c6b405",
              "isHook": false,
              "skipped": false
            },
            {
              "title": "should navigate to bins management",
              "fullTitle": "CityBin - Admin Dashboard should navigate to bins management",
              "timedOut": null,
              "duration": 7778,
              "state": "failed",
              "speed": null,
              "pass": false,
              "fail": true,
              "pending": false,
              "context": null,
              "code": "cy.contains('Bins').click();\ncy.url().should('include', '/admin/bin-management');",
              "err": {
                "message": "CypressError: Timed out retrying after 4050ms: `cy.click()` failed because the page updated while this command was executing. Cypress tried to locate elements based on this query:\n\n> cy.contains(Bins)\n\nWe initially found matching element(s), but while waiting for them to become actionable, they disappeared from the page. Common situations why this happens:\n  - Your JS framework re-rendered asynchronously\n  - Your app code reacted to an event firing and removed the element\n\nYou can typically solve this by breaking up a chain. For example, rewrite:\n\n> `cy.get('button').click().click()`\n\nto\n\n> `cy.get('button').as('btn').click()`\n> `cy.get('@btn').click()`\n\nhttps://on.cypress.io/element-has-detached-from-dom",
                "estack": "CypressError: Timed out retrying after 4050ms: `cy.click()` failed because the page updated while this command was executing. Cypress tried to locate elements based on this query:\n\n> cy.contains(Bins)\n\nWe initially found matching element(s), but while waiting for them to become actionable, they disappeared from the page. Common situations why this happens:\n  - Your JS framework re-rendered asynchronously\n  - Your app code reacted to an event firing and removed the element\n\nYou can typically solve this by breaking up a chain. For example, rewrite:\n\n> `cy.get('button').click().click()`\n\nto\n\n> `cy.get('button').as('btn').click()`\n> `cy.get('@btn').click()`\n\nhttps://on.cypress.io/element-has-detached-from-dom\n    at retryActionability (http://localhost:5173/__cypress/runner/cypress_runner.js:115037:74)\n    at tryCatcher (http://localhost:5173/__cypress/runner/cypress_runner.js:1777:23)\n    at Promise.attempt.Promise.try (http://localhost:5173/__cypress/runner/cypress_runner.js:4285:29)\n    at whenStable (http://localhost:5173/__cypress/runner/cypress_runner.js:151252:68)\n    at <unknown> (http://localhost:5173/__cypress/runner/cypress_runner.js:151193:14)\n    at tryCatcher (http://localhost:5173/__cypress/runner/cypress_runner.js:1777:23)\n    at Promise._settlePromiseFromHandler (http://localhost:5173/__cypress/runner/cypress_runner.js:1489:31)\n    at Promise._settlePromise (http://localhost:5173/__cypress/runner/cypress_runner.js:1546:18)\n    at Promise._settlePromise0 (http://localhost:5173/__cypress/runner/cypress_runner.js:1591:10)\n    at Promise._settlePromises (http://localhost:5173/__cypress/runner/cypress_runner.js:1671:18)\n    at Promise._fulfill (http://localhost:5173/__cypress/runner/cypress_runner.js:1615:18)\n    at <unknown> (http://localhost:5173/__cypress/runner/cypress_runner.js:5420:46)\nFrom Your Spec Code:\n    at Object.proxyGetter [as get] (http://localhost:5173/__cypress/runner/cypress_runner.js:80711:22)\n    at exists (http://localhost:5173/__cypress/runner/cypress_runner.js:150440:26)\n    at elExists (http://localhost:5173/__cypress/runner/cypress_runner.js:150455:10)\n    at ensureExistence (http://localhost:5173/__cypress/runner/cypress_runner.js:150636:22)\n    at onFailFn (http://localhost:5173/__cypress/runner/cypress_runner.js:150665:53)",
                "diff": null
              },
              "uuid": "3d1a2e7a-20cc-4dec-a08a-744e3bd71a63",
              "parentUUID": "86144dd8-0b19-4638-a753-553a76c6b405",
              "isHook": false,
              "skipped": false
            },
            {
              "title": "should match dashboard snapshot",
              "fullTitle": "CityBin - Admin Dashboard should match dashboard snapshot",
              "timedOut": null,
              "duration": 1635,
              "state": "failed",
              "speed": null,
              "pass": false,
              "fail": true,
              "pending": false,
              "context": null,
              "code": "cy.visit('/admin/dashboard');\ncy.matchImageSnapshot('dashboard-ui');",
              "err": {
                "message": "TypeError: cy.matchImageSnapshot is not a function",
                "estack": "TypeError: cy.matchImageSnapshot is not a function\n    at Context.eval (webpack://citybin-repo/./cypress/e2e/frontend/dashboard.cy.js:19:5)\n    at runnable.fn (http://localhost:5173/__cypress/runner/cypress_runner.js:145850:19)\n    at callFn (http://localhost:5173/__cypress/runner/cypress_runner.js:164942:21)\n    at Runnable.run (http://localhost:5173/__cypress/runner/cypress_runner.js:164929:7)\n    at <unknown> (http://localhost:5173/__cypress/runner/cypress_runner.js:171024:30)\n    at PassThroughHandlerContext.finallyHandler (http://localhost:5173/__cypress/runner/cypress_runner.js:4042:23)\n    at PassThroughHandlerContext.tryCatcher (http://localhost:5173/__cypress/runner/cypress_runner.js:1777:23)\n    at Promise._settlePromiseFromHandler (http://localhost:5173/__cypress/runner/cypress_runner.js:1489:31)\n    at Promise._settlePromise (http://localhost:5173/__cypress/runner/cypress_runner.js:1546:18)",
                "diff": null
              },
              "uuid": "86336a0a-fac3-46a1-958c-ba211d3473b1",
              "parentUUID": "86144dd8-0b19-4638-a753-553a76c6b405",
              "isHook": false,
              "skipped": false
            }
          ],
          "suites": [],
          "passes": [],
          "failures": [
            "3a789769-288a-4a8a-a128-fd0f1dc91a51",
            "3d1a2e7a-20cc-4dec-a08a-744e3bd71a63",
            "86336a0a-fac3-46a1-958c-ba211d3473b1"
          ],
          "pending": [],
          "skipped": [],
          "duration": 18989,
          "root": false,
          "rootEmpty": false,
          "_timeout": 2000
        }
      ],
      "passes": [],
      "failures": [],
      "pending": [],
      "skipped": [],
      "duration": 0,
      "root": true,
      "rootEmpty": true,
      "_timeout": 2000
    }
  ],
  "meta": {
    "mocha": {
      "version": "7.2.0"
    },
    "mochawesome": {
      "options": {
        "quiet": false,
        "reportFilename": "mochawesome",
        "saveHtml": true,
        "saveJson": true,
        "consoleReporter": "spec",
        "useInlineDiffs": false,
        "code": true
      },
      "version": "7.1.4"
    },
    "marge": {
      "options": {
        "reportDir": "cypress/reports",
        "overwrite": false,
        "html": true,
        "json": true
      },
      "version": "6.3.0"
    }
  }
}