{
  "stats": {
    "suites": 1,
    "tests": 2,
    "passes": 2,
    "pending": 0,
    "failures": 0,
    "start": "2025-10-28T10:54:57.279Z",
    "end": "2025-10-28T10:54:59.065Z",
    "duration": 1786,
    "testsRegistered": 2,
    "passPercent": 100,
    "pendingPercent": 0,
    "other": 0,
    "hasOther": false,
    "skipped": 0,
    "hasSkipped": false
  },
  "results": [
    {
      "uuid": "c8c91a6e-e475-4c3c-8832-d26324cb6222",
      "title": "",
      "fullFile": "cypress\\e2e\\backend\\bins.cy.js",
      "file": "cypress\\e2e\\backend\\bins.cy.js",
      "beforeHooks": [],
      "afterHooks": [],
      "tests": [],
      "suites": [
        {
          "uuid": "c0df84c0-48d9-48ba-883d-46c155c24181",
          "title": "CityBin Bin API Tests",
          "fullFile": "",
          "file": "",
          "beforeHooks": [],
          "afterHooks": [],
          "tests": [
            {
              "title": "should create a new bin",
              "fullTitle": "CityBin Bin API Tests should create a new bin",
              "timedOut": null,
              "duration": 1150,
              "state": "passed",
              "speed": "fast",
              "pass": true,
              "fail": false,
              "pending": false,
              "context": null,
              "code": "cy.request({\n  method: 'POST',\n  url: `${apiUrl}/bins`,\n  headers: {\n    Authorization: `Bearer ${token}`\n  },\n  body: {\n    binId: `BIN-${Date.now()}`,\n    location: 'Test Location',\n    wasteLevel: 40,\n    coordinates: {\n      lat: 6.9,\n      lng: 79.8\n    },\n    deviceStatus: 'online'\n  }\n}).then(res => {\n  expect(res.status).to.eq(201);\n  expect(res.body.status).to.eq('success');\n});",
              "err": {},
              "uuid": "b0aeafb6-121d-4b12-97e0-1d1ea82f4368",
              "parentUUID": "c0df84c0-48d9-48ba-883d-46c155c24181",
              "isHook": false,
              "skipped": false
            },
            {
              "title": "should fetch all bins",
              "fullTitle": "CityBin Bin API Tests should fetch all bins",
              "timedOut": null,
              "duration": 533,
              "state": "passed",
              "speed": "fast",
              "pass": true,
              "fail": false,
              "pending": false,
              "context": null,
              "code": "cy.request({\n  method: 'GET',\n  url: `${apiUrl}/bins`,\n  headers: {\n    Authorization: `Bearer ${token}`\n  }\n}).then(res => {\n  expect(res.status).to.eq(200);\n  expect(res.body.status).to.eq('success');\n});",
              "err": {},
              "uuid": "155be86a-7490-4d4f-b0ed-367ce6a2e786",
              "parentUUID": "c0df84c0-48d9-48ba-883d-46c155c24181",
              "isHook": false,
              "skipped": false
            }
          ],
          "suites": [],
          "passes": [
            "b0aeafb6-121d-4b12-97e0-1d1ea82f4368",
            "155be86a-7490-4d4f-b0ed-367ce6a2e786"
          ],
          "failures": [],
          "pending": [],
          "skipped": [],
          "duration": 1683,
          "root": false,
          "rootEmpty": false,
          "_timeout": 2000
        }
      ],
      "passes": [],
      "failures": [],
      "pending": [],
      "skipped": [],
      "duration": 0,
      "root": true,
      "rootEmpty": true,
      "_timeout": 2000
    }
  ],
  "meta": {
    "mocha": {
      "version": "7.2.0"
    },
    "mochawesome": {
      "options": {
        "quiet": false,
        "reportFilename": "mochawesome",
        "saveHtml": true,
        "saveJson": true,
        "consoleReporter": "spec",
        "useInlineDiffs": false,
        "code": true
      },
      "version": "7.1.4"
    },
    "marge": {
      "options": {
        "reportDir": "cypress/reports",
        "overwrite": false,
        "html": true,
        "json": true
      },
      "version": "6.3.0"
    }
  }
}