{
  "stats": {
    "suites": 1,
    "tests": 3,
    "passes": 3,
    "pending": 0,
    "failures": 0,
    "start": "2025-11-05T19:16:17.805Z",
    "end": "2025-11-05T19:16:26.000Z",
    "duration": 8195,
    "testsRegistered": 3,
    "passPercent": 100,
    "pendingPercent": 0,
    "other": 0,
    "hasOther": false,
    "skipped": 0,
    "hasSkipped": false
  },
  "results": [
    {
      "uuid": "55cc222e-6997-456f-915d-eb03f76d71bd",
      "title": "",
      "fullFile": "cypress\\e2e\\frontend\\login.cy.js",
      "file": "cypress\\e2e\\frontend\\login.cy.js",
      "beforeHooks": [],
      "afterHooks": [],
      "tests": [],
      "suites": [
        {
          "uuid": "314d96b3-3768-4986-9714-5b3b0e8f4def",
          "title": "CityBin - Login Functionality",
          "fullFile": "",
          "file": "",
          "beforeHooks": [],
          "afterHooks": [],
          "tests": [
            {
              "title": "should load login page successfully",
              "fullTitle": "CityBin - Login Functionality should load login page successfully",
              "timedOut": null,
              "duration": 2306,
              "state": "passed",
              "speed": "fast",
              "pass": true,
              "fail": false,
              "pending": false,
              "context": null,
              "code": "cy.contains('Sign In', {\n  timeout: 10000\n}).should('be.visible');",
              "err": {},
              "uuid": "a60fcac7-2c12-4e17-b043-6e93d942d6cd",
              "parentUUID": "314d96b3-3768-4986-9714-5b3b0e8f4def",
              "isHook": false,
              "skipped": false
            },
            {
              "title": "should not login with wrong credentials",
              "fullTitle": "CityBin - Login Functionality should not login with wrong credentials",
              "timedOut": null,
              "duration": 2493,
              "state": "passed",
              "speed": "fast",
              "pass": true,
              "fail": false,
              "pending": false,
              "context": null,
              "code": "cy.get('input[placeholder=\"Email\"]').type('wrong@user.com');\ncy.get('input[placeholder=\"Password\"]').type('wrongpass');\ncy.contains('button', 'Sign In').click();\ncy.contains('Network error. Please try again.').should('exist');",
              "err": {},
              "uuid": "9ecc789b-a069-4870-815f-77bfcce36809",
              "parentUUID": "314d96b3-3768-4986-9714-5b3b0e8f4def",
              "isHook": false,
              "skipped": false
            },
            {
              "title": "should login successfully and redirect to dashboard",
              "fullTitle": "CityBin - Login Functionality should login successfully and redirect to dashboard",
              "timedOut": null,
              "duration": 3066,
              "state": "passed",
              "speed": "fast",
              "pass": true,
              "fail": false,
              "pending": false,
              "context": null,
              "code": "cy.get('input[placeholder=\"Email\"]').type('admin@citybin.com');\ncy.get('input[placeholder=\"Password\"]').type('Admin1234');\ncy.contains('button', 'Sign In').click();\ncy.url({\n  timeout: 15000\n}).should('include', '/admin/dashboard');",
              "err": {},
              "uuid": "eadb23ee-ee53-4079-a740-b7a1ee8fdaea",
              "parentUUID": "314d96b3-3768-4986-9714-5b3b0e8f4def",
              "isHook": false,
              "skipped": false
            }
          ],
          "suites": [],
          "passes": [
            "a60fcac7-2c12-4e17-b043-6e93d942d6cd",
            "9ecc789b-a069-4870-815f-77bfcce36809",
            "eadb23ee-ee53-4079-a740-b7a1ee8fdaea"
          ],
          "failures": [],
          "pending": [],
          "skipped": [],
          "duration": 7865,
          "root": false,
          "rootEmpty": false,
          "_timeout": 2000
        }
      ],
      "passes": [],
      "failures": [],
      "pending": [],
      "skipped": [],
      "duration": 0,
      "root": true,
      "rootEmpty": true,
      "_timeout": 2000
    }
  ],
  "meta": {
    "mocha": {
      "version": "7.2.0"
    },
    "mochawesome": {
      "options": {
        "quiet": false,
        "reportFilename": "mochawesome",
        "saveHtml": true,
        "saveJson": true,
        "consoleReporter": "spec",
        "useInlineDiffs": false,
        "code": true
      },
      "version": "7.1.4"
    },
    "marge": {
      "options": {
        "reportDir": "cypress/reports",
        "overwrite": false,
        "html": true,
        "json": true
      },
      "version": "6.3.0"
    }
  }
}