{
  "stats": {
    "suites": 1,
    "tests": 2,
    "passes": 2,
    "pending": 0,
    "failures": 0,
    "start": "2025-10-31T19:35:58.249Z",
    "end": "2025-10-31T19:35:59.354Z",
    "duration": 1105,
    "testsRegistered": 2,
    "passPercent": 100,
    "pendingPercent": 0,
    "other": 0,
    "hasOther": false,
    "skipped": 0,
    "hasSkipped": false
  },
  "results": [
    {
      "uuid": "58bcde4f-3d1a-49cb-934d-85fc54db4c64",
      "title": "",
      "fullFile": "cypress\\e2e\\backend\\bins.cy.js",
      "file": "cypress\\e2e\\backend\\bins.cy.js",
      "beforeHooks": [],
      "afterHooks": [],
      "tests": [],
      "suites": [
        {
          "uuid": "a400455d-a602-423c-be87-1392a1183b70",
          "title": "CityBin Bin API Tests",
          "fullFile": "",
          "file": "",
          "beforeHooks": [],
          "afterHooks": [],
          "tests": [
            {
              "title": "should create a new bin",
              "fullTitle": "CityBin Bin API Tests should create a new bin",
              "timedOut": null,
              "duration": 653,
              "state": "passed",
              "speed": "fast",
              "pass": true,
              "fail": false,
              "pending": false,
              "context": null,
              "code": "cy.request({\n  method: 'POST',\n  url: `${apiUrl}/bins`,\n  headers: {\n    Authorization: `Bearer ${token}`\n  },\n  body: {\n    binId: `BIN-${Date.now()}`,\n    location: 'Test Location',\n    wasteLevel: 40,\n    coordinates: {\n      lat: 6.9,\n      lng: 79.8\n    },\n    deviceStatus: 'online'\n  }\n}).then(res => {\n  expect(res.status).to.eq(201);\n  expect(res.body.status).to.eq('success');\n});",
              "err": {},
              "uuid": "0ffc2786-4d92-47c7-8c4d-65ec019c94c9",
              "parentUUID": "a400455d-a602-423c-be87-1392a1183b70",
              "isHook": false,
              "skipped": false
            },
            {
              "title": "should fetch all bins",
              "fullTitle": "CityBin Bin API Tests should fetch all bins",
              "timedOut": null,
              "duration": 351,
              "state": "passed",
              "speed": "fast",
              "pass": true,
              "fail": false,
              "pending": false,
              "context": null,
              "code": "cy.request({\n  method: 'GET',\n  url: `${apiUrl}/bins`,\n  headers: {\n    Authorization: `Bearer ${token}`\n  }\n}).then(res => {\n  expect(res.status).to.eq(200);\n  expect(res.body.status).to.eq('success');\n});",
              "err": {},
              "uuid": "e76f2608-4b5f-4118-81d6-a865e17140eb",
              "parentUUID": "a400455d-a602-423c-be87-1392a1183b70",
              "isHook": false,
              "skipped": false
            }
          ],
          "suites": [],
          "passes": [
            "0ffc2786-4d92-47c7-8c4d-65ec019c94c9",
            "e76f2608-4b5f-4118-81d6-a865e17140eb"
          ],
          "failures": [],
          "pending": [],
          "skipped": [],
          "duration": 1004,
          "root": false,
          "rootEmpty": false,
          "_timeout": 2000
        }
      ],
      "passes": [],
      "failures": [],
      "pending": [],
      "skipped": [],
      "duration": 0,
      "root": true,
      "rootEmpty": true,
      "_timeout": 2000
    }
  ],
  "meta": {
    "mocha": {
      "version": "7.2.0"
    },
    "mochawesome": {
      "options": {
        "quiet": false,
        "reportFilename": "mochawesome",
        "saveHtml": true,
        "saveJson": true,
        "consoleReporter": "spec",
        "useInlineDiffs": false,
        "code": true
      },
      "version": "7.1.4"
    },
    "marge": {
      "options": {
        "reportDir": "cypress/reports",
        "overwrite": false,
        "html": true,
        "json": true
      },
      "version": "6.3.0"
    }
  }
}