{
  "stats": {
    "suites": 1,
    "tests": 1,
    "passes": 0,
    "pending": 0,
    "failures": 1,
    "start": "2025-10-31T19:38:03.143Z",
    "end": "2025-10-31T19:38:10.155Z",
    "duration": 7012,
    "testsRegistered": 1,
    "passPercent": 0,
    "pendingPercent": 0,
    "other": 0,
    "hasOther": false,
    "skipped": 0,
    "hasSkipped": false
  },
  "results": [
    {
      "uuid": "cad32f02-8bf9-417a-abec-94e029861c94",
      "title": "",
      "fullFile": "cypress\\e2e\\frontend\\profile.cy.js",
      "file": "cypress\\e2e\\frontend\\profile.cy.js",
      "beforeHooks": [],
      "afterHooks": [],
      "tests": [],
      "suites": [
        {
          "uuid": "6d444eae-51ae-40e5-b24d-ba84ed8a537a",
          "title": "CityBin - User Profile",
          "fullFile": "",
          "file": "",
          "beforeHooks": [],
          "afterHooks": [],
          "tests": [
            {
              "title": "should display user info",
              "fullTitle": "CityBin - User Profile should display user info",
              "timedOut": null,
              "duration": 6914,
              "state": "failed",
              "speed": null,
              "pass": false,
              "fail": true,
              "pending": false,
              "context": null,
              "code": "cy.contains('Profile').should('be.visible');\ncy.get('input[placeholder=\"Email\"]').should('have.value', 'admin@citybin.com');",
              "err": {
                "message": "AssertionError: Timed out retrying after 4000ms: Expected to find element: `input[placeholder=\"Email\"]`, but never found it.",
                "estack": "AssertionError: Timed out retrying after 4000ms: Expected to find element: `input[placeholder=\"Email\"]`, but never found it.\n    at Context.eval (webpack://citybin-repo/./cypress/e2e/frontend/profile.cy.js:9:41)",
                "diff": null
              },
              "uuid": "2ed55e64-7c34-44ed-ba00-e12783a9995f",
              "parentUUID": "6d444eae-51ae-40e5-b24d-ba84ed8a537a",
              "isHook": false,
              "skipped": false
            }
          ],
          "suites": [],
          "passes": [],
          "failures": [
            "2ed55e64-7c34-44ed-ba00-e12783a9995f"
          ],
          "pending": [],
          "skipped": [],
          "duration": 6914,
          "root": false,
          "rootEmpty": false,
          "_timeout": 2000
        }
      ],
      "passes": [],
      "failures": [],
      "pending": [],
      "skipped": [],
      "duration": 0,
      "root": true,
      "rootEmpty": true,
      "_timeout": 2000
    }
  ],
  "meta": {
    "mocha": {
      "version": "7.2.0"
    },
    "mochawesome": {
      "options": {
        "quiet": false,
        "reportFilename": "mochawesome",
        "saveHtml": true,
        "saveJson": true,
        "consoleReporter": "spec",
        "useInlineDiffs": false,
        "code": true
      },
      "version": "7.1.4"
    },
    "marge": {
      "options": {
        "reportDir": "cypress/reports",
        "overwrite": false,
        "html": true,
        "json": true
      },
      "version": "6.3.0"
    }
  }
}