{
  "stats": {
    "suites": 1,
    "tests": 3,
    "passes": 3,
    "pending": 0,
    "failures": 0,
    "start": "2025-11-05T19:16:54.007Z",
    "end": "2025-11-05T19:17:01.376Z",
    "duration": 7369,
    "testsRegistered": 3,
    "passPercent": 100,
    "pendingPercent": 0,
    "other": 0,
    "hasOther": false,
    "skipped": 0,
    "hasSkipped": false
  },
  "results": [
    {
      "uuid": "2d5db8ce-d4a4-4839-b21d-206457b81caf",
      "title": "",
      "fullFile": "cypress\\e2e\\frontend\\register.cy.js",
      "file": "cypress\\e2e\\frontend\\register.cy.js",
      "beforeHooks": [],
      "afterHooks": [],
      "tests": [],
      "suites": [
        {
          "uuid": "c9ed21c4-ae1a-4ded-97ae-bba4f1b8f0e7",
          "title": "CityBin - Registration Page",
          "fullFile": "",
          "file": "",
          "beforeHooks": [],
          "afterHooks": [],
          "tests": [
            {
              "title": "should load registration form",
              "fullTitle": "CityBin - Registration Page should load registration form",
              "timedOut": null,
              "duration": 2475,
              "state": "passed",
              "speed": "fast",
              "pass": true,
              "fail": false,
              "pending": false,
              "context": null,
              "code": "cy.contains('Sign Up').should('be.visible');",
              "err": {},
              "uuid": "fd73cf48-3529-48ae-b399-7e17aca3e9b3",
              "parentUUID": "c9ed21c4-ae1a-4ded-97ae-bba4f1b8f0e7",
              "isHook": false,
              "skipped": false
            },
            {
              "title": "should show validation error if required fields missing",
              "fullTitle": "CityBin - Registration Page should show validation error if required fields missing",
              "timedOut": null,
              "duration": 936,
              "state": "passed",
              "speed": "fast",
              "pass": true,
              "fail": false,
              "pending": false,
              "context": null,
              "code": "cy.get('button[type=\"submit\"]').click();\n//cy.contains('required').should('exist');",
              "err": {},
              "uuid": "b7e9389a-e852-4abd-b155-6e884f2b4953",
              "parentUUID": "c9ed21c4-ae1a-4ded-97ae-bba4f1b8f0e7",
              "isHook": false,
              "skipped": false
            },
            {
              "title": "should register new user successfully",
              "fullTitle": "CityBin - Registration Page should register new user successfully",
              "timedOut": null,
              "duration": 3678,
              "state": "passed",
              "speed": "fast",
              "pass": true,
              "fail": false,
              "pending": false,
              "context": null,
              "code": "cy.get('input[placeholder=\"Username\"]').type(`test${Date.now()}`);\ncy.get('input[placeholder=\"Email\"]').type(`test${Date.now()}@gmail.com`);\ncy.get('input[placeholder=\"Password\"]').type('Test1234');\ncy.contains('button', 'Sign Up').click();\ncy.contains('Registration successful').should('exist');",
              "err": {},
              "uuid": "5fe40d7d-6233-4bb9-82b0-ab28fa58481b",
              "parentUUID": "c9ed21c4-ae1a-4ded-97ae-bba4f1b8f0e7",
              "isHook": false,
              "skipped": false
            }
          ],
          "suites": [],
          "passes": [
            "fd73cf48-3529-48ae-b399-7e17aca3e9b3",
            "b7e9389a-e852-4abd-b155-6e884f2b4953",
            "5fe40d7d-6233-4bb9-82b0-ab28fa58481b"
          ],
          "failures": [],
          "pending": [],
          "skipped": [],
          "duration": 7089,
          "root": false,
          "rootEmpty": false,
          "_timeout": 2000
        }
      ],
      "passes": [],
      "failures": [],
      "pending": [],
      "skipped": [],
      "duration": 0,
      "root": true,
      "rootEmpty": true,
      "_timeout": 2000
    }
  ],
  "meta": {
    "mocha": {
      "version": "7.2.0"
    },
    "mochawesome": {
      "options": {
        "quiet": false,
        "reportFilename": "mochawesome",
        "saveHtml": true,
        "saveJson": true,
        "consoleReporter": "spec",
        "useInlineDiffs": false,
        "code": true
      },
      "version": "7.1.4"
    },
    "marge": {
      "options": {
        "reportDir": "cypress/reports",
        "overwrite": false,
        "html": true,
        "json": true
      },
      "version": "6.3.0"
    }
  }
}