{
  "stats": {
    "suites": 1,
    "tests": 3,
    "passes": 2,
    "pending": 0,
    "failures": 1,
    "start": "2025-10-28T12:29:32.076Z",
    "end": "2025-10-28T12:29:44.112Z",
    "duration": 12036,
    "testsRegistered": 3,
    "passPercent": 66.66666666666666,
    "pendingPercent": 0,
    "other": 0,
    "hasOther": false,
    "skipped": 0,
    "hasSkipped": false
  },
  "results": [
    {
      "uuid": "c4caffab-4868-4d43-890e-3a1cc8c4e88c",
      "title": "",
      "fullFile": "cypress\\e2e\\frontend\\register.cy.js",
      "file": "cypress\\e2e\\frontend\\register.cy.js",
      "beforeHooks": [],
      "afterHooks": [],
      "tests": [],
      "suites": [
        {
          "uuid": "978d0874-0709-4ffb-b831-c58675b934e1",
          "title": "CityBin - Registration Page",
          "fullFile": "",
          "file": "",
          "beforeHooks": [],
          "afterHooks": [],
          "tests": [
            {
              "title": "should load registration form",
              "fullTitle": "CityBin - Registration Page should load registration form",
              "timedOut": null,
              "duration": 2346,
              "state": "passed",
              "speed": "fast",
              "pass": true,
              "fail": false,
              "pending": false,
              "context": null,
              "code": "cy.contains('Sign Up').should('be.visible');",
              "err": {},
              "uuid": "87760226-09e5-448c-b29f-4161ed7e9cb8",
              "parentUUID": "978d0874-0709-4ffb-b831-c58675b934e1",
              "isHook": false,
              "skipped": false
            },
            {
              "title": "should show validation error if required fields missing",
              "fullTitle": "CityBin - Registration Page should show validation error if required fields missing",
              "timedOut": null,
              "duration": 5305,
              "state": "failed",
              "speed": null,
              "pass": false,
              "fail": true,
              "pending": false,
              "context": null,
              "code": "cy.get('button[type=\"submit\"]').click();\ncy.contains('required').should('exist');",
              "err": {
                "message": "AssertionError: Timed out retrying after 4000ms: Expected to find content: 'required' but never did.",
                "estack": "AssertionError: Timed out retrying after 4000ms: Expected to find content: 'required' but never did.\n    at Context.eval (webpack://citybin-repo/./cypress/e2e/frontend/register.cy.js:13:28)",
                "diff": null
              },
              "uuid": "5faa5d6a-5930-44f4-95da-345398c55aae",
              "parentUUID": "978d0874-0709-4ffb-b831-c58675b934e1",
              "isHook": false,
              "skipped": false
            },
            {
              "title": "should register new user successfully",
              "fullTitle": "CityBin - Registration Page should register new user successfully",
              "timedOut": null,
              "duration": 4114,
              "state": "passed",
              "speed": "fast",
              "pass": true,
              "fail": false,
              "pending": false,
              "context": null,
              "code": "cy.get('input[placeholder=\"Username\"]').type(`test${Date.now()}`);\ncy.get('input[placeholder=\"Email\"]').type(`test${Date.now()}@gmail.com`);\ncy.get('input[placeholder=\"Password\"]').type('Test1234');\ncy.contains('button', 'Sign Up').click();\ncy.contains('Registration successful').should('exist');",
              "err": {},
              "uuid": "1467d065-2b99-4944-a8fe-403246eb30ef",
              "parentUUID": "978d0874-0709-4ffb-b831-c58675b934e1",
              "isHook": false,
              "skipped": false
            }
          ],
          "suites": [],
          "passes": [
            "87760226-09e5-448c-b29f-4161ed7e9cb8",
            "1467d065-2b99-4944-a8fe-403246eb30ef"
          ],
          "failures": [
            "5faa5d6a-5930-44f4-95da-345398c55aae"
          ],
          "pending": [],
          "skipped": [],
          "duration": 11765,
          "root": false,
          "rootEmpty": false,
          "_timeout": 2000
        }
      ],
      "passes": [],
      "failures": [],
      "pending": [],
      "skipped": [],
      "duration": 0,
      "root": true,
      "rootEmpty": true,
      "_timeout": 2000
    }
  ],
  "meta": {
    "mocha": {
      "version": "7.2.0"
    },
    "mochawesome": {
      "options": {
        "quiet": false,
        "reportFilename": "mochawesome",
        "saveHtml": true,
        "saveJson": true,
        "consoleReporter": "spec",
        "useInlineDiffs": false,
        "code": true
      },
      "version": "7.1.4"
    },
    "marge": {
      "options": {
        "reportDir": "cypress/reports",
        "overwrite": false,
        "html": true,
        "json": true
      },
      "version": "6.3.0"
    }
  }
}