{
  "stats": {
    "suites": 1,
    "tests": 3,
    "passes": 2,
    "pending": 0,
    "failures": 1,
    "start": "2025-10-31T19:38:13.284Z",
    "end": "2025-10-31T19:38:24.390Z",
    "duration": 11106,
    "testsRegistered": 3,
    "passPercent": 66.66666666666666,
    "pendingPercent": 0,
    "other": 0,
    "hasOther": false,
    "skipped": 0,
    "hasSkipped": false
  },
  "results": [
    {
      "uuid": "beccb169-4410-4b87-8852-12c1b7cd485a",
      "title": "",
      "fullFile": "cypress\\e2e\\frontend\\register.cy.js",
      "file": "cypress\\e2e\\frontend\\register.cy.js",
      "beforeHooks": [],
      "afterHooks": [],
      "tests": [],
      "suites": [
        {
          "uuid": "642c4fe3-2c44-484d-ba5e-aa42250ce6f1",
          "title": "CityBin - Registration Page",
          "fullFile": "",
          "file": "",
          "beforeHooks": [],
          "afterHooks": [],
          "tests": [
            {
              "title": "should load registration form",
              "fullTitle": "CityBin - Registration Page should load registration form",
              "timedOut": null,
              "duration": 2277,
              "state": "passed",
              "speed": "fast",
              "pass": true,
              "fail": false,
              "pending": false,
              "context": null,
              "code": "cy.contains('Sign Up').should('be.visible');",
              "err": {},
              "uuid": "60f57448-7595-4bab-a41c-db0ce56c15ee",
              "parentUUID": "642c4fe3-2c44-484d-ba5e-aa42250ce6f1",
              "isHook": false,
              "skipped": false
            },
            {
              "title": "should show validation error if required fields missing",
              "fullTitle": "CityBin - Registration Page should show validation error if required fields missing",
              "timedOut": null,
              "duration": 5158,
              "state": "failed",
              "speed": null,
              "pass": false,
              "fail": true,
              "pending": false,
              "context": null,
              "code": "cy.get('button[type=\"submit\"]').click();\ncy.contains('required').should('exist');",
              "err": {
                "message": "AssertionError: Timed out retrying after 4000ms: Expected to find content: 'required' but never did.",
                "estack": "AssertionError: Timed out retrying after 4000ms: Expected to find content: 'required' but never did.\n    at Context.eval (webpack://citybin-repo/./cypress/e2e/frontend/register.cy.js:13:28)",
                "diff": null
              },
              "uuid": "6296a941-cd06-4e18-8d5e-68d39fa85628",
              "parentUUID": "642c4fe3-2c44-484d-ba5e-aa42250ce6f1",
              "isHook": false,
              "skipped": false
            },
            {
              "title": "should register new user successfully",
              "fullTitle": "CityBin - Registration Page should register new user successfully",
              "timedOut": null,
              "duration": 3415,
              "state": "passed",
              "speed": "fast",
              "pass": true,
              "fail": false,
              "pending": false,
              "context": null,
              "code": "cy.get('input[placeholder=\"Username\"]').type(`test${Date.now()}`);\ncy.get('input[placeholder=\"Email\"]').type(`test${Date.now()}@gmail.com`);\ncy.get('input[placeholder=\"Password\"]').type('Test1234');\ncy.contains('button', 'Sign Up').click();\ncy.contains('Registration successful').should('exist');",
              "err": {},
              "uuid": "6982fee7-c449-46ea-a49a-8177966609ec",
              "parentUUID": "642c4fe3-2c44-484d-ba5e-aa42250ce6f1",
              "isHook": false,
              "skipped": false
            }
          ],
          "suites": [],
          "passes": [
            "60f57448-7595-4bab-a41c-db0ce56c15ee",
            "6982fee7-c449-46ea-a49a-8177966609ec"
          ],
          "failures": [
            "6296a941-cd06-4e18-8d5e-68d39fa85628"
          ],
          "pending": [],
          "skipped": [],
          "duration": 10850,
          "root": false,
          "rootEmpty": false,
          "_timeout": 2000
        }
      ],
      "passes": [],
      "failures": [],
      "pending": [],
      "skipped": [],
      "duration": 0,
      "root": true,
      "rootEmpty": true,
      "_timeout": 2000
    }
  ],
  "meta": {
    "mocha": {
      "version": "7.2.0"
    },
    "mochawesome": {
      "options": {
        "quiet": false,
        "reportFilename": "mochawesome",
        "saveHtml": true,
        "saveJson": true,
        "consoleReporter": "spec",
        "useInlineDiffs": false,
        "code": true
      },
      "version": "7.1.4"
    },
    "marge": {
      "options": {
        "reportDir": "cypress/reports",
        "overwrite": false,
        "html": true,
        "json": true
      },
      "version": "6.3.0"
    }
  }
}