{
  "stats": {
    "suites": 1,
    "tests": 2,
    "passes": 2,
    "pending": 0,
    "failures": 0,
    "start": "2025-11-05T19:14:44.686Z",
    "end": "2025-11-05T19:14:46.030Z",
    "duration": 1344,
    "testsRegistered": 2,
    "passPercent": 100,
    "pendingPercent": 0,
    "other": 0,
    "hasOther": false,
    "skipped": 0,
    "hasSkipped": false
  },
  "results": [
    {
      "uuid": "3af4036a-2c3e-4208-8667-2da4ba771ee4",
      "title": "",
      "fullFile": "cypress\\e2e\\backend\\auth.cy.js",
      "file": "cypress\\e2e\\backend\\auth.cy.js",
      "beforeHooks": [],
      "afterHooks": [],
      "tests": [],
      "suites": [
        {
          "uuid": "2cc9a5bf-e7cb-425b-97a7-6360373bdad5",
          "title": "CityBin Auth API Tests",
          "fullFile": "",
          "file": "",
          "beforeHooks": [],
          "afterHooks": [],
          "tests": [
            {
              "title": "should register a new user",
              "fullTitle": "CityBin Auth API Tests should register a new user",
              "timedOut": null,
              "duration": 858,
              "state": "passed",
              "speed": "fast",
              "pass": true,
              "fail": false,
              "pending": false,
              "context": null,
              "code": "cy.request('POST', `${apiUrl}/auth/register`, {\n  username: 'testuser',\n  email: `test${Date.now()}@gmail.com`,\n  password: 'Test1234'\n}).then(response => {\n  expect(response.status).to.eq(201);\n  expect(response.body.success).to.be.true;\n});",
              "err": {},
              "uuid": "a60065d1-89a3-41c6-a794-6a8cf564f72c",
              "parentUUID": "2cc9a5bf-e7cb-425b-97a7-6360373bdad5",
              "isHook": false,
              "skipped": false
            },
            {
              "title": "should login successfully",
              "fullTitle": "CityBin Auth API Tests should login successfully",
              "timedOut": null,
              "duration": 366,
              "state": "passed",
              "speed": "fast",
              "pass": true,
              "fail": false,
              "pending": false,
              "context": null,
              "code": "cy.request('POST', `${apiUrl}/auth/login`, {\n  email: 'admin@citybin.com',\n  password: 'Admin1234'\n}).then(response => {\n  expect(response.status).to.eq(200);\n  expect(response.body.success).to.be.true;\n  cy.wrap(response.body.token).as('token');\n});",
              "err": {},
              "uuid": "be5f726c-ba71-4f7e-8ef9-07febdaa83db",
              "parentUUID": "2cc9a5bf-e7cb-425b-97a7-6360373bdad5",
              "isHook": false,
              "skipped": false
            }
          ],
          "suites": [],
          "passes": [
            "a60065d1-89a3-41c6-a794-6a8cf564f72c",
            "be5f726c-ba71-4f7e-8ef9-07febdaa83db"
          ],
          "failures": [],
          "pending": [],
          "skipped": [],
          "duration": 1224,
          "root": false,
          "rootEmpty": false,
          "_timeout": 2000
        }
      ],
      "passes": [],
      "failures": [],
      "pending": [],
      "skipped": [],
      "duration": 0,
      "root": true,
      "rootEmpty": true,
      "_timeout": 2000
    }
  ],
  "meta": {
    "mocha": {
      "version": "7.2.0"
    },
    "mochawesome": {
      "options": {
        "quiet": false,
        "reportFilename": "mochawesome",
        "saveHtml": true,
        "saveJson": true,
        "consoleReporter": "spec",
        "useInlineDiffs": false,
        "code": true
      },
      "version": "7.1.4"
    },
    "marge": {
      "options": {
        "reportDir": "cypress/reports",
        "overwrite": false,
        "html": true,
        "json": true
      },
      "version": "6.3.0"
    }
  }
}