{
  "stats": {
    "suites": 1,
    "tests": 2,
    "passes": 1,
    "pending": 0,
    "failures": 1,
    "start": "2025-10-28T12:27:20.966Z",
    "end": "2025-10-28T12:27:22.571Z",
    "duration": 1605,
    "testsRegistered": 2,
    "passPercent": 50,
    "pendingPercent": 0,
    "other": 0,
    "hasOther": false,
    "skipped": 0,
    "hasSkipped": false
  },
  "results": [
    {
      "uuid": "23923967-17d2-412d-ac22-157e980fa35b",
      "title": "",
      "fullFile": "cypress\\e2e\\backend\\auth.cy.js",
      "file": "cypress\\e2e\\backend\\auth.cy.js",
      "beforeHooks": [],
      "afterHooks": [],
      "tests": [],
      "suites": [
        {
          "uuid": "9f8c1a3f-64b1-420a-adce-b06d58ec2a92",
          "title": "CityBin Auth API Tests",
          "fullFile": "",
          "file": "",
          "beforeHooks": [],
          "afterHooks": [],
          "tests": [
            {
              "title": "should register a new user",
              "fullTitle": "CityBin Auth API Tests should register a new user",
              "timedOut": null,
              "duration": 1061,
              "state": "failed",
              "speed": null,
              "pass": false,
              "fail": true,
              "pending": false,
              "context": null,
              "code": "cy.request('POST', `${apiUrl}/auth/register`, {\n  username: 'testuser',\n  email: `test${Date.now()}@gmail.com`,\n  password: 'Test1234'\n}).then(response => {\n  expect(response.status).to.eq(201);\n  expect(response.body.success).to.be.true;\n});",
              "err": {
                "message": "CypressError: `cy.request()` failed on:\n\nhttp://localhost:5001/api/auth/register\n\nThe response we received from your web server was:\n\n  > 500: Internal Server Error\n\nThis was considered a failure because the status code was not `2xx` or `3xx`.\n\nIf you do not want status codes to cause failures pass the option: `failOnStatusCode: false`\n\n-----------------------------------------------------------\n\nThe request we sent was:\n\nMethod: POST\nURL: http://localhost:5001/api/auth/register\nHeaders: {\n  \"Connection\": \"keep-alive\",\n  \"user-agent\": \"Mozilla/5.0 (Windows NT 10.0; Win64; x64) AppleWebKit/537.36 (KHTML, like Gecko) Cypress/15.5.0 Chrome/138.0.7204.251 Electron/37.6.0 Safari/537.36\",\n  \"accept\": \"*/*\",\n  \"accept-encoding\": \"gzip, deflate\",\n  \"content-type\": \"application/json\",\n  \"content-length\": 83\n}\nBody: {\"username\":\"testuser\",\"email\":\"test1761654441017@gmail.com\",\"password\":\"Test1234\"}\n\n-----------------------------------------------------------\n\nThe response we got was:\n\nStatus: 500 - Internal Server Error\nHeaders: {\n  \"x-powered-by\": \"Express\",\n  \"access-control-allow-origin\": \"http://localhost:5173\",\n  \"vary\": \"Origin\",\n  \"access-control-allow-credentials\": \"true\",\n  \"content-type\": \"application/json; charset=utf-8\",\n  \"content-length\": \"62\",\n  \"etag\": \"W/\\\"3e-OfiNRzXvNFlLb4LPYQKo78Gc1PQ\\\"\",\n  \"date\": \"Tue, 28 Oct 2025 12:27:21 GMT\",\n  \"connection\": \"keep-alive\",\n  \"keep-alive\": \"timeout=5\"\n}\nBody: {\n  \"success\": false,\n  \"message\": \"Server error during registration\"\n}\n\n\nhttps://on.cypress.io/request",
                "estack": "CypressError: `cy.request()` failed on:\n\nhttp://localhost:5001/api/auth/register\n\nThe response we received from your web server was:\n\n  > 500: Internal Server Error\n\nThis was considered a failure because the status code was not `2xx` or `3xx`.\n\nIf you do not want status codes to cause failures pass the option: `failOnStatusCode: false`\n\n-----------------------------------------------------------\n\nThe request we sent was:\n\nMethod: POST\nURL: http://localhost:5001/api/auth/register\nHeaders: {\n  \"Connection\": \"keep-alive\",\n  \"user-agent\": \"Mozilla/5.0 (Windows NT 10.0; Win64; x64) AppleWebKit/537.36 (KHTML, like Gecko) Cypress/15.5.0 Chrome/138.0.7204.251 Electron/37.6.0 Safari/537.36\",\n  \"accept\": \"*/*\",\n  \"accept-encoding\": \"gzip, deflate\",\n  \"content-type\": \"application/json\",\n  \"content-length\": 83\n}\nBody: {\"username\":\"testuser\",\"email\":\"test1761654441017@gmail.com\",\"password\":\"Test1234\"}\n\n-----------------------------------------------------------\n\nThe response we got was:\n\nStatus: 500 - Internal Server Error\nHeaders: {\n  \"x-powered-by\": \"Express\",\n  \"access-control-allow-origin\": \"http://localhost:5173\",\n  \"vary\": \"Origin\",\n  \"access-control-allow-credentials\": \"true\",\n  \"content-type\": \"application/json; charset=utf-8\",\n  \"content-length\": \"62\",\n  \"etag\": \"W/\\\"3e-OfiNRzXvNFlLb4LPYQKo78Gc1PQ\\\"\",\n  \"date\": \"Tue, 28 Oct 2025 12:27:21 GMT\",\n  \"connection\": \"keep-alive\",\n  \"keep-alive\": \"timeout=5\"\n}\nBody: {\n  \"success\": false,\n  \"message\": \"Server error during registration\"\n}\n\n\nhttps://on.cypress.io/request\n    at <unknown> (http://localhost:5173/__cypress/runner/cypress_runner.js:135685:72)\n    at tryCatcher (http://localhost:5173/__cypress/runner/cypress_runner.js:1777:23)\n    at Promise._settlePromiseFromHandler (http://localhost:5173/__cypress/runner/cypress_runner.js:1489:31)\n    at Promise._settlePromise (http://localhost:5173/__cypress/runner/cypress_runner.js:1546:18)\n    at Promise._settlePromise0 (http://localhost:5173/__cypress/runner/cypress_runner.js:1591:10)\n    at Promise._settlePromises (http://localhost:5173/__cypress/runner/cypress_runner.js:1671:18)\n    at _drainQueueStep (http://localhost:5173/__cypress/runner/cypress_runner.js:2377:12)\n    at _drainQueue (http://localhost:5173/__cypress/runner/cypress_runner.js:2370:9)\n    at Async._drainQueues (http://localhost:5173/__cypress/runner/cypress_runner.js:2386:5)\n    at Async.drainQueues (http://localhost:5173/__cypress/runner/cypress_runner.js:2256:14)\nFrom Your Spec Code:\n    at Context.eval (webpack://citybin-repo/./cypress/e2e/backend/auth.cy.js:5:7)",
                "diff": null
              },
              "uuid": "cad094f1-7f18-42bf-9cc6-5f3182a9842f",
              "parentUUID": "9f8c1a3f-64b1-420a-adce-b06d58ec2a92",
              "isHook": false,
              "skipped": false
            },
            {
              "title": "should login successfully",
              "fullTitle": "CityBin Auth API Tests should login successfully",
              "timedOut": null,
              "duration": 367,
              "state": "passed",
              "speed": "fast",
              "pass": true,
              "fail": false,
              "pending": false,
              "context": null,
              "code": "cy.request('POST', `${apiUrl}/auth/login`, {\n  email: 'admin@citybin.com',\n  password: 'Admin1234'\n}).then(response => {\n  expect(response.status).to.eq(200);\n  expect(response.body.success).to.be.true;\n  cy.wrap(response.body.token).as('token');\n});",
              "err": {},
              "uuid": "76ac5d76-9185-45b8-abaf-54f10ac894c8",
              "parentUUID": "9f8c1a3f-64b1-420a-adce-b06d58ec2a92",
              "isHook": false,
              "skipped": false
            }
          ],
          "suites": [],
          "passes": [
            "76ac5d76-9185-45b8-abaf-54f10ac894c8"
          ],
          "failures": [
            "cad094f1-7f18-42bf-9cc6-5f3182a9842f"
          ],
          "pending": [],
          "skipped": [],
          "duration": 1428,
          "root": false,
          "rootEmpty": false,
          "_timeout": 2000
        }
      ],
      "passes": [],
      "failures": [],
      "pending": [],
      "skipped": [],
      "duration": 0,
      "root": true,
      "rootEmpty": true,
      "_timeout": 2000
    }
  ],
  "meta": {
    "mocha": {
      "version": "7.2.0"
    },
    "mochawesome": {
      "options": {
        "quiet": false,
        "reportFilename": "mochawesome",
        "saveHtml": true,
        "saveJson": true,
        "consoleReporter": "spec",
        "useInlineDiffs": false,
        "code": true
      },
      "version": "7.1.4"
    },
    "marge": {
      "options": {
        "reportDir": "cypress/reports",
        "overwrite": false,
        "html": true,
        "json": true
      },
      "version": "6.3.0"
    }
  }
}